<?xml version="1.0" encoding="UTF-8"?>
<testsuite xmlns:xsi="http://www.w3.org/2001/XMLSchema-instance" xsi:noNamespaceSchemaLocation="https://maven.apache.org/surefire/maven-surefire-plugin/xsd/surefire-test-report-3.0.xsd" version="3.0" name="com.pranjal.assign1.AdvancedQueueTest" time="2.154" tests="6" errors="0" skipped="0" failures="0">
  <properties>
[...]
</properties>
  <testcase name="testFIFOOrdering" classname="com.pranjal.assign1.AdvancedQueueTest" time="0.049"/>
  <testcase name="testBlockingTakeOnEmpty" classname="com.pranjal.assign1.AdvancedQueueTest" time="0.529"/>
  <testcase name="testCapacityLimit" classname="com.pranjal.assign1.AdvancedQueueTest" time="0.001"/>
  <testcase name="testOfferTimeout" classname="com.pranjal.assign1.AdvancedQueueTest" time="0.508"/>
  <testcase name="testBlockingPutOnFull" classname="com.pranjal.assign1.AdvancedQueueTest" time="0.507"/>
  <testcase name="testPollTimeout" classname="com.pranjal.assign1.AdvancedQueueTest" time="0.519"/>
</testsuite>